[debug] [2021-12-06T03:13:12.382Z] ----------------------------------------------------------------------
[debug] [2021-12-06T03:13:12.386Z] Command:       C:\Program Files\nodejs\node.exe C:\Users\ossie\AppData\Roaming\npm\node_modules\firebase-tools\lib\bin\firebase.js emulators:start --only functions
[debug] [2021-12-06T03:13:12.386Z] CLI Version:   9.23.0
[debug] [2021-12-06T03:13:12.386Z] Platform:      win32
[debug] [2021-12-06T03:13:12.386Z] Node Version:  v16.13.0
[debug] [2021-12-06T03:13:12.388Z] Time:          Sun Dec 05 2021 20:13:12 GMT-0700 (Mountain Standard Time)
[debug] [2021-12-06T03:13:12.388Z] ----------------------------------------------------------------------
[debug] 
[debug] [2021-12-06T03:13:12.454Z] > command requires scopes: ["email","openid","https://www.googleapis.com/auth/cloudplatformprojects.readonly","https://www.googleapis.com/auth/firebase","https://www.googleapis.com/auth/cloud-platform"]
[debug] [2021-12-06T03:13:12.455Z] > authorizing via signed-in user (ossiel.villanueva.m@gmail.com)
[info] i  emulators: Starting emulators: functions {"metadata":{"emulator":{"name":"hub"},"message":"Starting emulators: functions"}}
[debug] [2021-12-06T03:13:12.477Z] [hub] writing locator at C:\Users\ossie\AppData\Local\Temp\hub-mealstogo-50bbe.json
[warn] !  functions: The following emulators are not running, calls to these services from the Functions emulator will affect production: auth, firestore, database, hosting, pubsub, storage {"metadata":{"emulator":{"name":"functions"},"message":"The following emulators are not running, calls to these services from the Functions emulator will affect production: \u001b[1mauth, firestore, database, hosting, pubsub, storage\u001b[22m"}}
[warn] !  Your requested "node" version "16.13.0" doesn't match your global version "16" {"metadata":{"emulator":{"name":"functions"},"message":"Your requested \"node\" version \"16.13.0\" doesn't match your global version \"16\""}}
[debug] [2021-12-06T03:13:12.497Z] defaultcredentials: writing to file C:\Users\ossie\AppData\Roaming\firebase\ossiel_villanueva.m_gmail.com_application_default_credentials.json
[debug] [2021-12-06T03:13:12.500Z] Setting GAC to C:\Users\ossie\AppData\Roaming\firebase\ossiel_villanueva.m_gmail.com_application_default_credentials.json {"metadata":{"emulator":{"name":"functions"},"message":"Setting GAC to C:\\Users\\ossie\\AppData\\Roaming\\firebase\\ossiel_villanueva.m_gmail.com_application_default_credentials.json"}}
[debug] [2021-12-06T03:13:12.504Z] > refreshing access token with scopes: []
[debug] [2021-12-06T03:13:12.505Z] >>> HTTP REQUEST POST https://www.googleapis.com/oauth2/v3/token  
 <request body omitted>
[debug] [2021-12-06T03:13:12.633Z] <<< HTTP RESPONSE 200 {"pragma":"no-cache","cache-control":"no-cache, no-store, max-age=0, must-revalidate","date":"Mon, 06 Dec 2021 03:13:12 GMT","expires":"Mon, 01 Jan 1990 00:00:00 GMT","content-type":"application/json; charset=utf-8","vary":"X-Origin, Referer, Origin,Accept-Encoding","server":"scaffolding on HTTPServer2","x-xss-protection":"0","x-frame-options":"SAMEORIGIN","x-content-type-options":"nosniff","alt-svc":"h3=\":443\"; ma=2592000,h3-29=\":443\"; ma=2592000,h3-Q050=\":443\"; ma=2592000,h3-Q046=\":443\"; ma=2592000,h3-Q043=\":443\"; ma=2592000,quic=\":443\"; ma=2592000; v=\"46,43\"","accept-ranges":"none","transfer-encoding":"chunked"}
[debug] [2021-12-06T03:13:12.645Z] >>> [apiv2][query] GET https://firebase.googleapis.com/v1beta1/projects/mealstogo-50bbe/adminSdkConfig [none]
[debug] [2021-12-06T03:13:12.860Z] <<< [apiv2][status] GET https://firebase.googleapis.com/v1beta1/projects/mealstogo-50bbe/adminSdkConfig 200
[debug] [2021-12-06T03:13:12.860Z] <<< [apiv2][body] GET https://firebase.googleapis.com/v1beta1/projects/mealstogo-50bbe/adminSdkConfig {"projectId":"mealstogo-50bbe","storageBucket":"mealstogo-50bbe.appspot.com"}
[info] i  ui: downloading ui-v1.6.4.zip... {"metadata":{"emulator":{"name":"ui"},"message":"downloading ui-v1.6.4.zip..."}}
[debug] [2021-12-06T03:13:12.879Z] >>> [apiv2][query] GET https://storage.googleapis.com/firebase-preview-drop/emulator/ui-v1.6.4.zip 
[debug] [2021-12-06T03:13:13.021Z] <<< [apiv2][status] GET https://storage.googleapis.com/firebase-preview-drop/emulator/ui-v1.6.4.zip 200
[debug] [2021-12-06T03:13:13.021Z] <<< [apiv2][body] GET https://storage.googleapis.com/firebase-preview-drop/emulator/ui-v1.6.4.zip [stream]
[debug] [2021-12-06T03:13:13.418Z] Ignoring unsupported arg: auto_download {"metadata":{"emulator":{"name":"ui"},"message":"Ignoring unsupported arg: auto_download"}}
[debug] [2021-12-06T03:13:13.418Z] Ignoring unsupported arg: port {"metadata":{"emulator":{"name":"ui"},"message":"Ignoring unsupported arg: port"}}
[debug] [2021-12-06T03:13:13.418Z] Starting Emulator UI with command {"binary":"node","args":["C:\\Users\\ossie\\.cache\\firebase\\emulators\\ui-v1.6.4\\server.bundle.js"],"optionalArgs":[],"joinArgs":false} {"metadata":{"emulator":{"name":"ui"},"message":"Starting Emulator UI with command {\"binary\":\"node\",\"args\":[\"C:\\\\Users\\\\ossie\\\\.cache\\\\firebase\\\\emulators\\\\ui-v1.6.4\\\\server.bundle.js\"],\"optionalArgs\":[],\"joinArgs\":false}"}}
[info] i  ui: Emulator UI logging to ui-debug.log {"metadata":{"emulator":{"name":"ui"},"message":"Emulator UI logging to \u001b[1mui-debug.log\u001b[22m"}}
[debug] [2021-12-06T03:13:13.557Z] Web / API server started at localhost:4000
 {"metadata":{"emulator":{"name":"ui"},"message":"Web / API server started at localhost:4000\n"}}
[info] i  functions: Watching "C:\Users\ossie\Documents\Personal\Development\React Native Development\MealsToGo\functions" for Cloud Functions... {"metadata":{"emulator":{"name":"functions"},"message":"Watching \"C:\\Users\\ossie\\Documents\\Personal\\Development\\React Native Development\\MealsToGo\\functions\" for Cloud Functions..."}}
[debug] [2021-12-06T03:13:13.701Z] [worker-pool] addWorker(~diagnostic~) {"metadata":{"emulator":{"name":"functions"},"message":"[worker-pool] addWorker(~diagnostic~)"}}
[debug] [2021-12-06T03:13:13.701Z] [worker-pool] Adding worker with key ~diagnostic~, total=1 {"metadata":{"emulator":{"name":"functions"},"message":"[worker-pool] Adding worker with key ~diagnostic~, total=1"}}
[debug] [2021-12-06T03:13:13.702Z] [worker-pool] submitWork(triggerId=) {"metadata":{"emulator":{"name":"functions"},"message":"[worker-pool] submitWork(triggerId=)"}}
[debug] [2021-12-06T03:13:13.702Z] [worker-~diagnostic~-fa08b72b-9e4d-46bf-b4e7-f21e3cda3a3e]: Assigning socketPath: \\?\pipe\C:\Users\ossie\Documents\Personal\Development\React Native Development\MealsToGo\functions\23708 {"metadata":{"emulator":{"name":"functions"},"message":"[worker-~diagnostic~-fa08b72b-9e4d-46bf-b4e7-f21e3cda3a3e]: Assigning socketPath: \\\\?\\pipe\\C:\\Users\\ossie\\Documents\\Personal\\Development\\React Native Development\\MealsToGo\\functions\\23708"}}
[debug] [2021-12-06T03:13:13.703Z] [worker-~diagnostic~-fa08b72b-9e4d-46bf-b4e7-f21e3cda3a3e]: BUSY {"metadata":{"emulator":{"name":"functions"},"message":"[worker-~diagnostic~-fa08b72b-9e4d-46bf-b4e7-f21e3cda3a3e]: BUSY"}}
[debug] [2021-12-06T03:13:13.937Z] [runtime-status] [23708] Functions runtime initialized. {"cwd":"C:\\Users\\ossie\\Documents\\Personal\\Development\\React Native Development\\MealsToGo\\functions","node_version":"16.13.0"} {"metadata":{"emulator":{"name":"functions"},"message":"[runtime-status] [23708] Functions runtime initialized. {\"cwd\":\"C:\\\\Users\\\\ossie\\\\Documents\\\\Personal\\\\Development\\\\React Native Development\\\\MealsToGo\\\\functions\",\"node_version\":\"16.13.0\"}"}}
[debug] [2021-12-06T03:13:13.938Z] [runtime-status] [23708] Disabled runtime features: undefined {"metadata":{"emulator":{"name":"functions"},"message":"[runtime-status] [23708] Disabled runtime features: undefined"}}
[debug] [2021-12-06T03:13:13.941Z] [runtime-status] [23708] Resolved module firebase-admin {"declared":true,"installed":true,"version":"9.12.0","resolution":"C:\\Users\\ossie\\Documents\\Personal\\Development\\React Native Development\\MealsToGo\\functions\\node_modules\\firebase-admin\\lib\\index.js"} {"metadata":{"emulator":{"name":"functions"},"message":"[runtime-status] [23708] Resolved module firebase-admin {\"declared\":true,\"installed\":true,\"version\":\"9.12.0\",\"resolution\":\"C:\\\\Users\\\\ossie\\\\Documents\\\\Personal\\\\Development\\\\React Native Development\\\\MealsToGo\\\\functions\\\\node_modules\\\\firebase-admin\\\\lib\\\\index.js\"}"}}
[debug] [2021-12-06T03:13:13.946Z] [runtime-status] [23708] Resolved module firebase-functions {"declared":true,"installed":true,"version":"3.16.0","resolution":"C:\\Users\\ossie\\Documents\\Personal\\Development\\React Native Development\\MealsToGo\\functions\\node_modules\\firebase-functions\\lib\\index.js"} {"metadata":{"emulator":{"name":"functions"},"message":"[runtime-status] [23708] Resolved module firebase-functions {\"declared\":true,\"installed\":true,\"version\":\"3.16.0\",\"resolution\":\"C:\\\\Users\\\\ossie\\\\Documents\\\\Personal\\\\Development\\\\React Native Development\\\\MealsToGo\\\\functions\\\\node_modules\\\\firebase-functions\\\\lib\\\\index.js\"}"}}
[debug] [2021-12-06T03:13:13.948Z] [runtime-status] [23708] Outgoing network have been stubbed. [{"name":"http","status":"mocked"},{"name":"http","status":"mocked"},{"name":"https","status":"mocked"},{"name":"https","status":"mocked"},{"name":"net","status":"mocked"}] {"metadata":{"emulator":{"name":"functions"},"message":"[runtime-status] [23708] Outgoing network have been stubbed. [{\"name\":\"http\",\"status\":\"mocked\"},{\"name\":\"http\",\"status\":\"mocked\"},{\"name\":\"https\",\"status\":\"mocked\"},{\"name\":\"https\",\"status\":\"mocked\"},{\"name\":\"net\",\"status\":\"mocked\"}]"}}
[debug] [2021-12-06T03:13:13.950Z] [runtime-status] [23708] Resolved module firebase-functions {"declared":true,"installed":true,"version":"3.16.0","resolution":"C:\\Users\\ossie\\Documents\\Personal\\Development\\React Native Development\\MealsToGo\\functions\\node_modules\\firebase-functions\\lib\\index.js"} {"metadata":{"emulator":{"name":"functions"},"message":"[runtime-status] [23708] Resolved module firebase-functions {\"declared\":true,\"installed\":true,\"version\":\"3.16.0\",\"resolution\":\"C:\\\\Users\\\\ossie\\\\Documents\\\\Personal\\\\Development\\\\React Native Development\\\\MealsToGo\\\\functions\\\\node_modules\\\\firebase-functions\\\\lib\\\\index.js\"}"}}
[debug] [2021-12-06T03:13:14.022Z] [runtime-status] [23708] Checked functions.config() {"config":{}} {"metadata":{"emulator":{"name":"functions"},"message":"[runtime-status] [23708] Checked functions.config() {\"config\":{}}"}}
[debug] [2021-12-06T03:13:14.023Z] [runtime-status] [23708] firebase-functions has been stubbed. {"functionsResolution":{"declared":true,"installed":true,"version":"3.16.0","resolution":"C:\\Users\\ossie\\Documents\\Personal\\Development\\React Native Development\\MealsToGo\\functions\\node_modules\\firebase-functions\\lib\\index.js"}} {"metadata":{"emulator":{"name":"functions"},"message":"[runtime-status] [23708] firebase-functions has been stubbed. {\"functionsResolution\":{\"declared\":true,\"installed\":true,\"version\":\"3.16.0\",\"resolution\":\"C:\\\\Users\\\\ossie\\\\Documents\\\\Personal\\\\Development\\\\React Native Development\\\\MealsToGo\\\\functions\\\\node_modules\\\\firebase-functions\\\\lib\\\\index.js\"}}"}}
[debug] [2021-12-06T03:13:14.024Z] [runtime-status] [23708] Resolved module firebase-functions {"declared":true,"installed":true,"version":"3.16.0","resolution":"C:\\Users\\ossie\\Documents\\Personal\\Development\\React Native Development\\MealsToGo\\functions\\node_modules\\firebase-functions\\lib\\index.js"} {"metadata":{"emulator":{"name":"functions"},"message":"[runtime-status] [23708] Resolved module firebase-functions {\"declared\":true,\"installed\":true,\"version\":\"3.16.0\",\"resolution\":\"C:\\\\Users\\\\ossie\\\\Documents\\\\Personal\\\\Development\\\\React Native Development\\\\MealsToGo\\\\functions\\\\node_modules\\\\firebase-functions\\\\lib\\\\index.js\"}"}}
[debug] [2021-12-06T03:13:14.028Z] [runtime-status] [23708] Resolved module firebase-admin {"declared":true,"installed":true,"version":"9.12.0","resolution":"C:\\Users\\ossie\\Documents\\Personal\\Development\\React Native Development\\MealsToGo\\functions\\node_modules\\firebase-admin\\lib\\index.js"} {"metadata":{"emulator":{"name":"functions"},"message":"[runtime-status] [23708] Resolved module firebase-admin {\"declared\":true,\"installed\":true,\"version\":\"9.12.0\",\"resolution\":\"C:\\\\Users\\\\ossie\\\\Documents\\\\Personal\\\\Development\\\\React Native Development\\\\MealsToGo\\\\functions\\\\node_modules\\\\firebase-admin\\\\lib\\\\index.js\"}"}}
[debug] [2021-12-06T03:13:14.029Z] [runtime-status] [23708] Resolved module firebase-functions {"declared":true,"installed":true,"version":"3.16.0","resolution":"C:\\Users\\ossie\\Documents\\Personal\\Development\\React Native Development\\MealsToGo\\functions\\node_modules\\firebase-functions\\lib\\index.js"} {"metadata":{"emulator":{"name":"functions"},"message":"[runtime-status] [23708] Resolved module firebase-functions {\"declared\":true,\"installed\":true,\"version\":\"3.16.0\",\"resolution\":\"C:\\\\Users\\\\ossie\\\\Documents\\\\Personal\\\\Development\\\\React Native Development\\\\MealsToGo\\\\functions\\\\node_modules\\\\firebase-functions\\\\lib\\\\index.js\"}"}}
[debug] [2021-12-06T03:13:14.030Z] [runtime-status] [23708] firebase-admin has been stubbed. {"adminResolution":{"declared":true,"installed":true,"version":"9.12.0","resolution":"C:\\Users\\ossie\\Documents\\Personal\\Development\\React Native Development\\MealsToGo\\functions\\node_modules\\firebase-admin\\lib\\index.js"}} {"metadata":{"emulator":{"name":"functions"},"message":"[runtime-status] [23708] firebase-admin has been stubbed. {\"adminResolution\":{\"declared\":true,\"installed\":true,\"version\":\"9.12.0\",\"resolution\":\"C:\\\\Users\\\\ossie\\\\Documents\\\\Personal\\\\Development\\\\React Native Development\\\\MealsToGo\\\\functions\\\\node_modules\\\\firebase-admin\\\\lib\\\\index.js\"}}"}}
[info] 
┌─────────────────────────────────────────────────────────────┐
│ ✔  All emulators ready! It is now safe to connect your app. │
│ i  View Emulator UI at http://localhost:4000                │
└─────────────────────────────────────────────────────────────┘

┌───────────┬────────────────┬─────────────────────────────────┐
│ Emulator  │ Host:Port      │ View in Emulator UI             │
├───────────┼────────────────┼─────────────────────────────────┤
│ Functions │ localhost:5001 │ http://localhost:4000/functions │
└───────────┴────────────────┴─────────────────────────────────┘
  Emulator Hub running at localhost:4400
  Other reserved ports: 4500

Issues? Report them at https://github.com/firebase/firebase-tools/issues and attach the *-debug.log files.
 
[debug] [2021-12-06T03:13:14.043Z] [worker-~diagnostic~-fa08b72b-9e4d-46bf-b4e7-f21e3cda3a3e]: IDLE {"metadata":{"emulator":{"name":"functions"},"message":"[worker-~diagnostic~-fa08b72b-9e4d-46bf-b4e7-f21e3cda3a3e]: IDLE"}}
[debug] [2021-12-06T03:14:41.032Z] File C:\Users\ossie\Documents\Personal\Development\React Native Development\MealsToGo\functions\index.js changed, reloading triggers {"metadata":{"emulator":{"name":"functions"},"message":"File C:\\Users\\ossie\\Documents\\Personal\\Development\\React Native Development\\MealsToGo\\functions\\index.js changed, reloading triggers"}}
[debug] [2021-12-06T03:14:42.034Z] [worker-pool] Shutting down IDLE worker (~diagnostic~) {"metadata":{"emulator":{"name":"functions"},"message":"[worker-pool] Shutting down IDLE worker (~diagnostic~)"}}
[debug] [2021-12-06T03:14:42.035Z] [worker-~diagnostic~-fa08b72b-9e4d-46bf-b4e7-f21e3cda3a3e]: FINISHING {"metadata":{"emulator":{"name":"functions"},"message":"[worker-~diagnostic~-fa08b72b-9e4d-46bf-b4e7-f21e3cda3a3e]: FINISHING"}}
[debug] [2021-12-06T03:14:42.059Z] [worker-pool] addWorker(~diagnostic~) {"metadata":{"emulator":{"name":"functions"},"message":"[worker-pool] addWorker(~diagnostic~)"}}
[debug] [2021-12-06T03:14:42.059Z] [worker-pool] Adding worker with key ~diagnostic~, total=2 {"metadata":{"emulator":{"name":"functions"},"message":"[worker-pool] Adding worker with key ~diagnostic~, total=2"}}
[debug] [2021-12-06T03:14:42.059Z] [worker-pool] submitWork(triggerId=) {"metadata":{"emulator":{"name":"functions"},"message":"[worker-pool] submitWork(triggerId=)"}}
[debug] [2021-12-06T03:14:42.060Z] [worker-~diagnostic~-eb1061c8-c7d3-48ad-bdf6-c2eeeb4c0cf8]: Assigning socketPath: \\?\pipe\C:\Users\ossie\Documents\Personal\Development\React Native Development\MealsToGo\functions\24368 {"metadata":{"emulator":{"name":"functions"},"message":"[worker-~diagnostic~-eb1061c8-c7d3-48ad-bdf6-c2eeeb4c0cf8]: Assigning socketPath: \\\\?\\pipe\\C:\\Users\\ossie\\Documents\\Personal\\Development\\React Native Development\\MealsToGo\\functions\\24368"}}
[debug] [2021-12-06T03:14:42.060Z] [worker-~diagnostic~-eb1061c8-c7d3-48ad-bdf6-c2eeeb4c0cf8]: BUSY {"metadata":{"emulator":{"name":"functions"},"message":"[worker-~diagnostic~-eb1061c8-c7d3-48ad-bdf6-c2eeeb4c0cf8]: BUSY"}}
[debug] [2021-12-06T03:14:42.062Z] [worker-~diagnostic~-fa08b72b-9e4d-46bf-b4e7-f21e3cda3a3e]: exited {"metadata":{"emulator":{"name":"functions"},"message":"[worker-~diagnostic~-fa08b72b-9e4d-46bf-b4e7-f21e3cda3a3e]: exited"}}
[debug] [2021-12-06T03:14:42.062Z] [worker-~diagnostic~-fa08b72b-9e4d-46bf-b4e7-f21e3cda3a3e]: FINISHED {"metadata":{"emulator":{"name":"functions"},"message":"[worker-~diagnostic~-fa08b72b-9e4d-46bf-b4e7-f21e3cda3a3e]: FINISHED"}}
[debug] [2021-12-06T03:14:42.368Z] [runtime-status] [24368] Functions runtime initialized. {"cwd":"C:\\Users\\ossie\\Documents\\Personal\\Development\\React Native Development\\MealsToGo\\functions","node_version":"16.13.0"} {"metadata":{"emulator":{"name":"functions"},"message":"[runtime-status] [24368] Functions runtime initialized. {\"cwd\":\"C:\\\\Users\\\\ossie\\\\Documents\\\\Personal\\\\Development\\\\React Native Development\\\\MealsToGo\\\\functions\",\"node_version\":\"16.13.0\"}"}}
[debug] [2021-12-06T03:14:42.370Z] [runtime-status] [24368] Disabled runtime features: undefined {"metadata":{"emulator":{"name":"functions"},"message":"[runtime-status] [24368] Disabled runtime features: undefined"}}
[debug] [2021-12-06T03:14:42.377Z] [runtime-status] [24368] Resolved module firebase-admin {"declared":true,"installed":true,"version":"9.12.0","resolution":"C:\\Users\\ossie\\Documents\\Personal\\Development\\React Native Development\\MealsToGo\\functions\\node_modules\\firebase-admin\\lib\\index.js"} {"metadata":{"emulator":{"name":"functions"},"message":"[runtime-status] [24368] Resolved module firebase-admin {\"declared\":true,\"installed\":true,\"version\":\"9.12.0\",\"resolution\":\"C:\\\\Users\\\\ossie\\\\Documents\\\\Personal\\\\Development\\\\React Native Development\\\\MealsToGo\\\\functions\\\\node_modules\\\\firebase-admin\\\\lib\\\\index.js\"}"}}
[debug] [2021-12-06T03:14:42.381Z] [runtime-status] [24368] Resolved module firebase-functions {"declared":true,"installed":true,"version":"3.16.0","resolution":"C:\\Users\\ossie\\Documents\\Personal\\Development\\React Native Development\\MealsToGo\\functions\\node_modules\\firebase-functions\\lib\\index.js"} {"metadata":{"emulator":{"name":"functions"},"message":"[runtime-status] [24368] Resolved module firebase-functions {\"declared\":true,\"installed\":true,\"version\":\"3.16.0\",\"resolution\":\"C:\\\\Users\\\\ossie\\\\Documents\\\\Personal\\\\Development\\\\React Native Development\\\\MealsToGo\\\\functions\\\\node_modules\\\\firebase-functions\\\\lib\\\\index.js\"}"}}
[debug] [2021-12-06T03:14:42.383Z] [runtime-status] [24368] Outgoing network have been stubbed. [{"name":"http","status":"mocked"},{"name":"http","status":"mocked"},{"name":"https","status":"mocked"},{"name":"https","status":"mocked"},{"name":"net","status":"mocked"}] {"metadata":{"emulator":{"name":"functions"},"message":"[runtime-status] [24368] Outgoing network have been stubbed. [{\"name\":\"http\",\"status\":\"mocked\"},{\"name\":\"http\",\"status\":\"mocked\"},{\"name\":\"https\",\"status\":\"mocked\"},{\"name\":\"https\",\"status\":\"mocked\"},{\"name\":\"net\",\"status\":\"mocked\"}]"}}
[debug] [2021-12-06T03:14:42.385Z] [runtime-status] [24368] Resolved module firebase-functions {"declared":true,"installed":true,"version":"3.16.0","resolution":"C:\\Users\\ossie\\Documents\\Personal\\Development\\React Native Development\\MealsToGo\\functions\\node_modules\\firebase-functions\\lib\\index.js"} {"metadata":{"emulator":{"name":"functions"},"message":"[runtime-status] [24368] Resolved module firebase-functions {\"declared\":true,\"installed\":true,\"version\":\"3.16.0\",\"resolution\":\"C:\\\\Users\\\\ossie\\\\Documents\\\\Personal\\\\Development\\\\React Native Development\\\\MealsToGo\\\\functions\\\\node_modules\\\\firebase-functions\\\\lib\\\\index.js\"}"}}
[debug] [2021-12-06T03:14:42.443Z] [runtime-status] [24368] Checked functions.config() {"config":{}} {"metadata":{"emulator":{"name":"functions"},"message":"[runtime-status] [24368] Checked functions.config() {\"config\":{}}"}}
[debug] [2021-12-06T03:14:42.443Z] [runtime-status] [24368] firebase-functions has been stubbed. {"functionsResolution":{"declared":true,"installed":true,"version":"3.16.0","resolution":"C:\\Users\\ossie\\Documents\\Personal\\Development\\React Native Development\\MealsToGo\\functions\\node_modules\\firebase-functions\\lib\\index.js"}} {"metadata":{"emulator":{"name":"functions"},"message":"[runtime-status] [24368] firebase-functions has been stubbed. {\"functionsResolution\":{\"declared\":true,\"installed\":true,\"version\":\"3.16.0\",\"resolution\":\"C:\\\\Users\\\\ossie\\\\Documents\\\\Personal\\\\Development\\\\React Native Development\\\\MealsToGo\\\\functions\\\\node_modules\\\\firebase-functions\\\\lib\\\\index.js\"}}"}}
[debug] [2021-12-06T03:14:42.444Z] [runtime-status] [24368] Resolved module firebase-functions {"declared":true,"installed":true,"version":"3.16.0","resolution":"C:\\Users\\ossie\\Documents\\Personal\\Development\\React Native Development\\MealsToGo\\functions\\node_modules\\firebase-functions\\lib\\index.js"} {"metadata":{"emulator":{"name":"functions"},"message":"[runtime-status] [24368] Resolved module firebase-functions {\"declared\":true,\"installed\":true,\"version\":\"3.16.0\",\"resolution\":\"C:\\\\Users\\\\ossie\\\\Documents\\\\Personal\\\\Development\\\\React Native Development\\\\MealsToGo\\\\functions\\\\node_modules\\\\firebase-functions\\\\lib\\\\index.js\"}"}}
[debug] [2021-12-06T03:14:42.446Z] [runtime-status] [24368] Resolved module firebase-admin {"declared":true,"installed":true,"version":"9.12.0","resolution":"C:\\Users\\ossie\\Documents\\Personal\\Development\\React Native Development\\MealsToGo\\functions\\node_modules\\firebase-admin\\lib\\index.js"} {"metadata":{"emulator":{"name":"functions"},"message":"[runtime-status] [24368] Resolved module firebase-admin {\"declared\":true,\"installed\":true,\"version\":\"9.12.0\",\"resolution\":\"C:\\\\Users\\\\ossie\\\\Documents\\\\Personal\\\\Development\\\\React Native Development\\\\MealsToGo\\\\functions\\\\node_modules\\\\firebase-admin\\\\lib\\\\index.js\"}"}}
[debug] [2021-12-06T03:14:42.447Z] [runtime-status] [24368] Resolved module firebase-functions {"declared":true,"installed":true,"version":"3.16.0","resolution":"C:\\Users\\ossie\\Documents\\Personal\\Development\\React Native Development\\MealsToGo\\functions\\node_modules\\firebase-functions\\lib\\index.js"} {"metadata":{"emulator":{"name":"functions"},"message":"[runtime-status] [24368] Resolved module firebase-functions {\"declared\":true,\"installed\":true,\"version\":\"3.16.0\",\"resolution\":\"C:\\\\Users\\\\ossie\\\\Documents\\\\Personal\\\\Development\\\\React Native Development\\\\MealsToGo\\\\functions\\\\node_modules\\\\firebase-functions\\\\lib\\\\index.js\"}"}}
[debug] [2021-12-06T03:14:42.447Z] [runtime-status] [24368] firebase-admin has been stubbed. {"adminResolution":{"declared":true,"installed":true,"version":"9.12.0","resolution":"C:\\Users\\ossie\\Documents\\Personal\\Development\\React Native Development\\MealsToGo\\functions\\node_modules\\firebase-admin\\lib\\index.js"}} {"metadata":{"emulator":{"name":"functions"},"message":"[runtime-status] [24368] firebase-admin has been stubbed. {\"adminResolution\":{\"declared\":true,\"installed\":true,\"version\":\"9.12.0\",\"resolution\":\"C:\\\\Users\\\\ossie\\\\Documents\\\\Personal\\\\Development\\\\React Native Development\\\\MealsToGo\\\\functions\\\\node_modules\\\\firebase-admin\\\\lib\\\\index.js\"}}"}}
[info] +  functions[us-central1-helloWorld]: http function initialized (http://localhost:5001/mealstogo-50bbe/us-central1/helloWorld). {"metadata":{"emulator":{"name":"functions"},"message":"\u001b[1mhttp\u001b[22m function initialized (http://localhost:5001/mealstogo-50bbe/us-central1/helloWorld)."}}
[debug] [2021-12-06T03:14:42.451Z] [worker-~diagnostic~-eb1061c8-c7d3-48ad-bdf6-c2eeeb4c0cf8]: IDLE {"metadata":{"emulator":{"name":"functions"},"message":"[worker-~diagnostic~-eb1061c8-c7d3-48ad-bdf6-c2eeeb4c0cf8]: IDLE"}}
